{"/Users/samchou/Sweepstakes Google Extension/src/background/index.ts": {"path":"/Users/samchou/Sweepstakes Google Extension/src/background/index.ts","statementMap":{"0":{"start":{"line":12,"column":4},"end":{"line":12,"column":32}},"1":{"start":{"line":13,"column":4},"end":{"line":13,"column":31}},"2":{"start":{"line":17,"column":4},"end":{"line":31,"column":7}},"3":{"start":{"line":18,"column":6},"end":{"line":30,"column":7}},"4":{"start":{"line":20,"column":10},"end":{"line":20,"column":51}},"5":{"start":{"line":21,"column":10},"end":{"line":21,"column":16}},"6":{"start":{"line":24,"column":10},"end":{"line":25,"column":32}},"7":{"start":{"line":26,"column":10},"end":{"line":26,"column":22}},"8":{"start":{"line":29,"column":10},"end":{"line":29,"column":16}},"9":{"start":{"line":35,"column":4},"end":{"line":42,"column":7}},"10":{"start":{"line":37,"column":6},"end":{"line":41,"column":9}},"11":{"start":{"line":46,"column":4},"end":{"line":46,"column":46}},"12":{"start":{"line":52,"column":4},"end":{"line":57,"column":5}},"13":{"start":{"line":53,"column":6},"end":{"line":56,"column":8}},"14":{"start":{"line":60,"column":24},"end":{"line":60,"column":58}},"15":{"start":{"line":63,"column":24},"end":{"line":63,"column":42}},"16":{"start":{"line":64,"column":4},"end":{"line":64,"column":40}},"17":{"start":{"line":65,"column":24},"end":{"line":65,"column":57}},"18":{"start":{"line":67,"column":16},"end":{"line":67,"column":41}},"19":{"start":{"line":69,"column":4},"end":{"line":96,"column":5}},"20":{"start":{"line":71,"column":30},"end":{"line":71,"column":51}},"21":{"start":{"line":73,"column":6},"end":{"line":87,"column":7}},"22":{"start":{"line":74,"column":30},"end":{"line":74,"column":86}},"23":{"start":{"line":76,"column":8},"end":{"line":80,"column":10}},"24":{"start":{"line":82,"column":8},"end":{"line":82,"column":64}},"25":{"start":{"line":83,"column":8},"end":{"line":86,"column":10}},"26":{"start":{"line":90,"column":6},"end":{"line":90,"column":51}},"27":{"start":{"line":92,"column":6},"end":{"line":95,"column":8}},"28":{"start":{"line":101,"column":19},"end":{"line":101,"column":47}},"29":{"start":{"line":103,"column":4},"end":{"line":105,"column":5}},"30":{"start":{"line":104,"column":6},"end":{"line":104,"column":47}},"31":{"start":{"line":107,"column":21},"end":{"line":120,"column":6}},"32":{"start":{"line":122,"column":4},"end":{"line":124,"column":5}},"33":{"start":{"line":123,"column":6},"end":{"line":123,"column":62}},"34":{"start":{"line":126,"column":4},"end":{"line":126,"column":33}},"35":{"start":{"line":130,"column":19},"end":{"line":130,"column":66}},"36":{"start":{"line":131,"column":4},"end":{"line":133,"column":6}},"37":{"start":{"line":137,"column":20},"end":{"line":137,"column":67}},"38":{"start":{"line":138,"column":27},"end":{"line":138,"column":52}},"39":{"start":{"line":140,"column":4},"end":{"line":150,"column":7}},"40":{"start":{"line":153,"column":4},"end":{"line":155,"column":5}},"41":{"start":{"line":154,"column":6},"end":{"line":154,"column":60}},"42":{"start":{"line":157,"column":4},"end":{"line":157,"column":68}},"43":{"start":{"line":162,"column":0},"end":{"line":162,"column":24}}},"fnMap":{"0":{"name":"(anonymous_0)","decl":{"start":{"line":11,"column":2},"end":{"line":11,"column":null}},"loc":{"start":{"line":11,"column":2},"end":{"line":14,"column":3}}},"1":{"name":"(anonymous_1)","decl":{"start":{"line":16,"column":10},"end":{"line":16,"column":30}},"loc":{"start":{"line":16,"column":30},"end":{"line":32,"column":3}}},"2":{"name":"(anonymous_2)","decl":{"start":{"line":17,"column":41},"end":{"line":17,"column":42}},"loc":{"start":{"line":17,"column":76},"end":{"line":31,"column":5}}},"3":{"name":"(anonymous_3)","decl":{"start":{"line":34,"column":10},"end":{"line":34,"column":29}},"loc":{"start":{"line":34,"column":29},"end":{"line":43,"column":3}}},"4":{"name":"(anonymous_4)","decl":{"start":{"line":35,"column":43},"end":{"line":35,"column":46}},"loc":{"start":{"line":35,"column":48},"end":{"line":42,"column":5}}},"5":{"name":"(anonymous_5)","decl":{"start":{"line":45,"column":10},"end":{"line":45,"column":28}},"loc":{"start":{"line":45,"column":49},"end":{"line":48,"column":3}}},"6":{"name":"(anonymous_6)","decl":{"start":{"line":50,"column":10},"end":{"line":50,"column":15}},"loc":{"start":{"line":50,"column":69},"end":{"line":97,"column":3}}},"7":{"name":"(anonymous_7)","decl":{"start":{"line":99,"column":10},"end":{"line":99,"column":15}},"loc":{"start":{"line":99,"column":72},"end":{"line":127,"column":3}}},"8":{"name":"(anonymous_8)","decl":{"start":{"line":129,"column":10},"end":{"line":129,"column":15}},"loc":{"start":{"line":129,"column":31},"end":{"line":134,"column":3}}},"9":{"name":"(anonymous_9)","decl":{"start":{"line":136,"column":10},"end":{"line":136,"column":15}},"loc":{"start":{"line":136,"column":82},"end":{"line":158,"column":3}}}},"branchMap":{"0":{"loc":{"start":{"line":18,"column":6},"end":{"line":30,"column":7}},"type":"switch","locations":[{"start":{"line":19,"column":8},"end":{"line":21,"column":16}},{"start":{"line":23,"column":8},"end":{"line":26,"column":22}},{"start":{"line":28,"column":8},"end":{"line":29,"column":16}}]},"1":{"loc":{"start":{"line":52,"column":4},"end":{"line":57,"column":5}},"type":"if","locations":[{"start":{"line":52,"column":4},"end":{"line":57,"column":5}}]},"2":{"loc":{"start":{"line":52,"column":8},"end":{"line":52,"column":43}},"type":"binary-expr","locations":[{"start":{"line":52,"column":8},"end":{"line":52,"column":18}},{"start":{"line":52,"column":22},"end":{"line":52,"column":43}}]},"3":{"loc":{"start":{"line":69,"column":4},"end":{"line":96,"column":5}},"type":"if","locations":[{"start":{"line":69,"column":4},"end":{"line":96,"column":5}},{"start":{"line":88,"column":11},"end":{"line":96,"column":5}}]},"4":{"loc":{"start":{"line":103,"column":4},"end":{"line":105,"column":5}},"type":"if","locations":[{"start":{"line":103,"column":4},"end":{"line":105,"column":5}}]},"5":{"loc":{"start":{"line":122,"column":4},"end":{"line":124,"column":5}},"type":"if","locations":[{"start":{"line":122,"column":4},"end":{"line":124,"column":5}}]},"6":{"loc":{"start":{"line":132,"column":14},"end":{"line":132,"column":66}},"type":"binary-expr","locations":[{"start":{"line":132,"column":14},"end":{"line":132,"column":33}},{"start":{"line":132,"column":37},"end":{"line":132,"column":66}}]},"7":{"loc":{"start":{"line":138,"column":27},"end":{"line":138,"column":52}},"type":"binary-expr","locations":[{"start":{"line":138,"column":27},"end":{"line":138,"column":46}},{"start":{"line":138,"column":50},"end":{"line":138,"column":52}}]},"8":{"loc":{"start":{"line":149,"column":15},"end":{"line":149,"column":30}},"type":"cond-expr","locations":[{"start":{"line":149,"column":21},"end":{"line":149,"column":26}},{"start":{"line":149,"column":29},"end":{"line":149,"column":30}}]},"9":{"loc":{"start":{"line":153,"column":4},"end":{"line":155,"column":5}},"type":"if","locations":[{"start":{"line":153,"column":4},"end":{"line":155,"column":5}}]}},"s":{"0":0,"1":0,"2":0,"3":0,"4":0,"5":0,"6":0,"7":0,"8":0,"9":0,"10":0,"11":0,"12":0,"13":0,"14":0,"15":0,"16":0,"17":0,"18":0,"19":0,"20":0,"21":0,"22":0,"23":0,"24":0,"25":0,"26":0,"27":0,"28":0,"29":0,"30":0,"31":0,"32":0,"33":0,"34":0,"35":0,"36":0,"37":0,"38":0,"39":0,"40":0,"41":0,"42":0,"43":0},"f":{"0":0,"1":0,"2":0,"3":0,"4":0,"5":0,"6":0,"7":0,"8":0,"9":0},"b":{"0":[0,0,0],"1":[0],"2":[0,0],"3":[0,0],"4":[0],"5":[0],"6":[0,0],"7":[0,0],"8":[0,0],"9":[0]}}
,"/Users/samchou/Sweepstakes Google Extension/src/content/index.ts": {"path":"/Users/samchou/Sweepstakes Google Extension/src/content/index.ts","statementMap":{"0":{"start":{"line":1,"column":0},"end":{"line":1,"column":65}},"1":{"start":{"line":4,"column":10},"end":{"line":4,"column":null}},"2":{"start":{"line":5,"column":10},"end":{"line":5,"column":null}},"3":{"start":{"line":6,"column":10},"end":{"line":6,"column":null}},"4":{"start":{"line":9,"column":4},"end":{"line":9,"column":16}},"5":{"start":{"line":14,"column":21},"end":{"line":14,"column":72}},"6":{"start":{"line":15,"column":4},"end":{"line":15,"column":66}},"7":{"start":{"line":17,"column":4},"end":{"line":17,"column":41}},"8":{"start":{"line":17,"column":34},"end":{"line":17,"column":41}},"9":{"start":{"line":20,"column":4},"end":{"line":27,"column":7}},"10":{"start":{"line":21,"column":6},"end":{"line":26,"column":7}},"11":{"start":{"line":22,"column":8},"end":{"line":22,"column":68}},"12":{"start":{"line":23,"column":8},"end":{"line":25,"column":9}},"13":{"start":{"line":24,"column":10},"end":{"line":24,"column":31}},"14":{"start":{"line":30,"column":4},"end":{"line":30,"column":27}},"15":{"start":{"line":33,"column":4},"end":{"line":33,"column":26}},"16":{"start":{"line":38,"column":21},"end":{"line":46,"column":6}},"17":{"start":{"line":39,"column":36},"end":{"line":40,"column":null}},"18":{"start":{"line":40,"column":8},"end":{"line":40,"column":71}},"19":{"start":{"line":43,"column":6},"end":{"line":45,"column":7}},"20":{"start":{"line":44,"column":8},"end":{"line":44,"column":58}},"21":{"start":{"line":44,"column":28},"end":{"line":44,"column":50}},"22":{"start":{"line":48,"column":4},"end":{"line":51,"column":7}},"23":{"start":{"line":54,"column":18},"end":{"line":54,"column":31}},"24":{"start":{"line":55,"column":4},"end":{"line":61,"column":61}},"25":{"start":{"line":56,"column":18},"end":{"line":56,"column":31}},"26":{"start":{"line":57,"column":6},"end":{"line":60,"column":7}},"27":{"start":{"line":58,"column":8},"end":{"line":58,"column":22}},"28":{"start":{"line":59,"column":8},"end":{"line":59,"column":54}},"29":{"start":{"line":59,"column":25},"end":{"line":59,"column":47}},"30":{"start":{"line":64,"column":4},"end":{"line":66,"column":7}},"31":{"start":{"line":65,"column":6},"end":{"line":65,"column":52}},"32":{"start":{"line":65,"column":23},"end":{"line":65,"column":45}},"33":{"start":{"line":70,"column":4},"end":{"line":70,"column":41}},"34":{"start":{"line":70,"column":34},"end":{"line":70,"column":41}},"35":{"start":{"line":72,"column":20},"end":{"line":72,"column":49}},"36":{"start":{"line":74,"column":4},"end":{"line":84,"column":5}},"37":{"start":{"line":78,"column":6},"end":{"line":78,"column":36}},"38":{"start":{"line":79,"column":6},"end":{"line":79,"column":37}},"39":{"start":{"line":80,"column":6},"end":{"line":80,"column":32}},"40":{"start":{"line":81,"column":11},"end":{"line":84,"column":5}},"41":{"start":{"line":82,"column":6},"end":{"line":82,"column":33}},"42":{"start":{"line":83,"column":6},"end":{"line":83,"column":27}},"43":{"start":{"line":88,"column":4},"end":{"line":91,"column":7}},"44":{"start":{"line":96,"column":4},"end":{"line":96,"column":25}},"45":{"start":{"line":99,"column":20},"end":{"line":99,"column":49}},"46":{"start":{"line":100,"column":4},"end":{"line":100,"column":36}},"47":{"start":{"line":101,"column":4},"end":{"line":112,"column":6}},"48":{"start":{"line":115,"column":23},"end":{"line":115,"column":61}},"49":{"start":{"line":118,"column":28},"end":{"line":118,"column":57}},"50":{"start":{"line":119,"column":4},"end":{"line":180,"column":6}},"51":{"start":{"line":182,"column":4},"end":{"line":182,"column":44}},"52":{"start":{"line":185,"column":23},"end":{"line":185,"column":83}},"53":{"start":{"line":186,"column":31},"end":{"line":186,"column":72}},"54":{"start":{"line":187,"column":20},"end":{"line":187,"column":78}},"55":{"start":{"line":188,"column":21},"end":{"line":188,"column":60}},"56":{"start":{"line":190,"column":4},"end":{"line":197,"column":7}},"57":{"start":{"line":191,"column":20},"end":{"line":191,"column":53}},"58":{"start":{"line":192,"column":26},"end":{"line":192,"column":70}},"59":{"start":{"line":193,"column":6},"end":{"line":193,"column":68}},"60":{"start":{"line":195,"column":6},"end":{"line":195,"column":61}},"61":{"start":{"line":196,"column":6},"end":{"line":196,"column":80}},"62":{"start":{"line":199,"column":4},"end":{"line":202,"column":7}},"63":{"start":{"line":200,"column":20},"end":{"line":200,"column":48}},"64":{"start":{"line":201,"column":6},"end":{"line":201,"column":37}},"65":{"start":{"line":204,"column":4},"end":{"line":206,"column":7}},"66":{"start":{"line":205,"column":6},"end":{"line":205,"column":27}},"67":{"start":{"line":208,"column":4},"end":{"line":208,"column":39}},"68":{"start":{"line":212,"column":21},"end":{"line":212,"column":64}},"69":{"start":{"line":213,"column":4},"end":{"line":215,"column":5}},"70":{"start":{"line":214,"column":6},"end":{"line":214,"column":24}},"71":{"start":{"line":219,"column":4},"end":{"line":225,"column":7}},"72":{"start":{"line":224,"column":6},"end":{"line":224,"column":38}},"73":{"start":{"line":229,"column":20},"end":{"line":229,"column":63}},"74":{"start":{"line":230,"column":4},"end":{"line":230,"column":37}},"75":{"start":{"line":230,"column":30},"end":{"line":230,"column":37}},"76":{"start":{"line":232,"column":22},"end":{"line":232,"column":83}},"77":{"start":{"line":234,"column":4},"end":{"line":250,"column":5}},"78":{"start":{"line":235,"column":6},"end":{"line":241,"column":8}},"79":{"start":{"line":243,"column":6},"end":{"line":249,"column":8}},"80":{"start":{"line":253,"column":4},"end":{"line":253,"column":49}},"81":{"start":{"line":253,"column":21},"end":{"line":253,"column":41}},"82":{"start":{"line":257,"column":4},"end":{"line":257,"column":46}},"83":{"start":{"line":258,"column":5},"end":{"line":258,"column":57}},"84":{"start":{"line":263,"column":0},"end":{"line":263,"column":20}}},"fnMap":{"0":{"name":"(anonymous_0)","decl":{"start":{"line":8,"column":2},"end":{"line":8,"column":null}},"loc":{"start":{"line":8,"column":2},"end":{"line":10,"column":3}}},"1":{"name":"(anonymous_1)","decl":{"start":{"line":12,"column":10},"end":{"line":12,"column":15}},"loc":{"start":{"line":12,"column":20},"end":{"line":34,"column":3}}},"2":{"name":"(anonymous_2)","decl":{"start":{"line":20,"column":41},"end":{"line":20,"column":42}},"loc":{"start":{"line":20,"column":53},"end":{"line":27,"column":5}}},"3":{"name":"(anonymous_3)","decl":{"start":{"line":36,"column":10},"end":{"line":36,"column":24}},"loc":{"start":{"line":36,"column":24},"end":{"line":67,"column":3}}},"4":{"name":"(anonymous_4)","decl":{"start":{"line":38,"column":42},"end":{"line":38,"column":43}},"loc":{"start":{"line":38,"column":56},"end":{"line":46,"column":5}}},"5":{"name":"(anonymous_5)","decl":{"start":{"line":39,"column":51},"end":{"line":39,"column":59}},"loc":{"start":{"line":40,"column":8},"end":{"line":40,"column":71}}},"6":{"name":"(anonymous_6)","decl":{"start":{"line":44,"column":22},"end":{"line":44,"column":25}},"loc":{"start":{"line":44,"column":28},"end":{"line":44,"column":50}}},"7":{"name":"(anonymous_7)","decl":{"start":{"line":55,"column":25},"end":{"line":55,"column":28}},"loc":{"start":{"line":55,"column":30},"end":{"line":61,"column":5}}},"8":{"name":"(anonymous_8)","decl":{"start":{"line":59,"column":19},"end":{"line":59,"column":22}},"loc":{"start":{"line":59,"column":25},"end":{"line":59,"column":47}}},"9":{"name":"(anonymous_9)","decl":{"start":{"line":64,"column":40},"end":{"line":64,"column":43}},"loc":{"start":{"line":64,"column":45},"end":{"line":66,"column":5}}},"10":{"name":"(anonymous_10)","decl":{"start":{"line":65,"column":17},"end":{"line":65,"column":20}},"loc":{"start":{"line":65,"column":23},"end":{"line":65,"column":45}}},"11":{"name":"(anonymous_11)","decl":{"start":{"line":69,"column":10},"end":{"line":69,"column":25}},"loc":{"start":{"line":69,"column":25},"end":{"line":85,"column":3}}},"12":{"name":"(anonymous_12)","decl":{"start":{"line":87,"column":10},"end":{"line":87,"column":26}},"loc":{"start":{"line":87,"column":47},"end":{"line":92,"column":3}}},"13":{"name":"(anonymous_13)","decl":{"start":{"line":94,"column":10},"end":{"line":94,"column":21}},"loc":{"start":{"line":94,"column":42},"end":{"line":209,"column":3}}},"14":{"name":"(anonymous_14)","decl":{"start":{"line":190,"column":41},"end":{"line":190,"column":44}},"loc":{"start":{"line":190,"column":46},"end":{"line":197,"column":5}}},"15":{"name":"(anonymous_15)","decl":{"start":{"line":199,"column":38},"end":{"line":199,"column":41}},"loc":{"start":{"line":199,"column":43},"end":{"line":202,"column":5}}},"16":{"name":"(anonymous_16)","decl":{"start":{"line":204,"column":39},"end":{"line":204,"column":42}},"loc":{"start":{"line":204,"column":44},"end":{"line":206,"column":5}}},"17":{"name":"(anonymous_17)","decl":{"start":{"line":211,"column":10},"end":{"line":211,"column":23}},"loc":{"start":{"line":211,"column":23},"end":{"line":216,"column":3}}},"18":{"name":"(anonymous_18)","decl":{"start":{"line":218,"column":10},"end":{"line":218,"column":19}},"loc":{"start":{"line":218,"column":55},"end":{"line":226,"column":3}}},"19":{"name":"(anonymous_19)","decl":{"start":{"line":223,"column":7},"end":{"line":223,"column":8}},"loc":{"start":{"line":223,"column":20},"end":{"line":225,"column":5}}},"20":{"name":"(anonymous_20)","decl":{"start":{"line":228,"column":10},"end":{"line":228,"column":26}},"loc":{"start":{"line":228,"column":68},"end":{"line":254,"column":3}}},"21":{"name":"(anonymous_21)","decl":{"start":{"line":253,"column":15},"end":{"line":253,"column":18}},"loc":{"start":{"line":253,"column":21},"end":{"line":253,"column":41}}},"22":{"name":"(anonymous_22)","decl":{"start":{"line":256,"column":10},"end":{"line":256,"column":18}},"loc":{"start":{"line":256,"column":47},"end":{"line":259,"column":3}}}},"branchMap":{"0":{"loc":{"start":{"line":17,"column":4},"end":{"line":17,"column":41}},"type":"if","locations":[{"start":{"line":17,"column":4},"end":{"line":17,"column":41}}]},"1":{"loc":{"start":{"line":21,"column":6},"end":{"line":26,"column":7}},"type":"if","locations":[{"start":{"line":21,"column":6},"end":{"line":26,"column":7}}]},"2":{"loc":{"start":{"line":23,"column":8},"end":{"line":25,"column":9}},"type":"if","locations":[{"start":{"line":23,"column":8},"end":{"line":25,"column":9}}]},"3":{"loc":{"start":{"line":40,"column":8},"end":{"line":40,"column":71}},"type":"binary-expr","locations":[{"start":{"line":40,"column":8},"end":{"line":40,"column":37}},{"start":{"line":40,"column":41},"end":{"line":40,"column":71}}]},"4":{"loc":{"start":{"line":43,"column":6},"end":{"line":45,"column":7}},"type":"if","locations":[{"start":{"line":43,"column":6},"end":{"line":45,"column":7}}]},"5":{"loc":{"start":{"line":57,"column":6},"end":{"line":60,"column":7}},"type":"if","locations":[{"start":{"line":57,"column":6},"end":{"line":60,"column":7}}]},"6":{"loc":{"start":{"line":70,"column":4},"end":{"line":70,"column":41}},"type":"if","locations":[{"start":{"line":70,"column":4},"end":{"line":70,"column":41}}]},"7":{"loc":{"start":{"line":74,"column":4},"end":{"line":84,"column":5}},"type":"if","locations":[{"start":{"line":74,"column":4},"end":{"line":84,"column":5}},{"start":{"line":81,"column":11},"end":{"line":84,"column":5}}]},"8":{"loc":{"start":{"line":74,"column":8},"end":{"line":76,"column":52}},"type":"binary-expr","locations":[{"start":{"line":74,"column":8},"end":{"line":74,"column":15}},{"start":{"line":74,"column":20},"end":{"line":74,"column":40}},{"start":{"line":75,"column":8},"end":{"line":75,"column":49}},{"start":{"line":76,"column":8},"end":{"line":76,"column":51}}]},"9":{"loc":{"start":{"line":81,"column":11},"end":{"line":84,"column":5}},"type":"if","locations":[{"start":{"line":81,"column":11},"end":{"line":84,"column":5}}]},"10":{"loc":{"start":{"line":81,"column":15},"end":{"line":81,"column":46}},"type":"binary-expr","locations":[{"start":{"line":81,"column":15},"end":{"line":81,"column":23}},{"start":{"line":81,"column":27},"end":{"line":81,"column":46}}]},"11":{"loc":{"start":{"line":191,"column":20},"end":{"line":191,"column":53}},"type":"binary-expr","locations":[{"start":{"line":191,"column":20},"end":{"line":191,"column":48}},{"start":{"line":191,"column":52},"end":{"line":191,"column":53}}]},"12":{"loc":{"start":{"line":195,"column":25},"end":{"line":195,"column":60}},"type":"binary-expr","locations":[{"start":{"line":195,"column":25},"end":{"line":195,"column":35}},{"start":{"line":195,"column":39},"end":{"line":195,"column":60}}]},"13":{"loc":{"start":{"line":196,"column":28},"end":{"line":196,"column":79}},"type":"cond-expr","locations":[{"start":{"line":196,"column":40},"end":{"line":196,"column":57}},{"start":{"line":196,"column":60},"end":{"line":196,"column":79}}]},"14":{"loc":{"start":{"line":213,"column":4},"end":{"line":215,"column":5}},"type":"if","locations":[{"start":{"line":213,"column":4},"end":{"line":215,"column":5}}]},"15":{"loc":{"start":{"line":230,"column":4},"end":{"line":230,"column":37}},"type":"if","locations":[{"start":{"line":230,"column":4},"end":{"line":230,"column":37}}]},"16":{"loc":{"start":{"line":234,"column":4},"end":{"line":250,"column":5}},"type":"if","locations":[{"start":{"line":234,"column":4},"end":{"line":250,"column":5}},{"start":{"line":242,"column":11},"end":{"line":250,"column":5}}]}},"s":{"0":0,"1":0,"2":0,"3":0,"4":0,"5":0,"6":0,"7":0,"8":0,"9":0,"10":0,"11":0,"12":0,"13":0,"14":0,"15":0,"16":0,"17":0,"18":0,"19":0,"20":0,"21":0,"22":0,"23":0,"24":0,"25":0,"26":0,"27":0,"28":0,"29":0,"30":0,"31":0,"32":0,"33":0,"34":0,"35":0,"36":0,"37":0,"38":0,"39":0,"40":0,"41":0,"42":0,"43":0,"44":0,"45":0,"46":0,"47":0,"48":0,"49":0,"50":0,"51":0,"52":0,"53":0,"54":0,"55":0,"56":0,"57":0,"58":0,"59":0,"60":0,"61":0,"62":0,"63":0,"64":0,"65":0,"66":0,"67":0,"68":0,"69":0,"70":0,"71":0,"72":0,"73":0,"74":0,"75":0,"76":0,"77":0,"78":0,"79":0,"80":0,"81":0,"82":0,"83":0,"84":0},"f":{"0":0,"1":0,"2":0,"3":0,"4":0,"5":0,"6":0,"7":0,"8":0,"9":0,"10":0,"11":0,"12":0,"13":0,"14":0,"15":0,"16":0,"17":0,"18":0,"19":0,"20":0,"21":0,"22":0},"b":{"0":[0],"1":[0],"2":[0],"3":[0,0],"4":[0],"5":[0],"6":[0],"7":[0,0],"8":[0,0,0,0],"9":[0],"10":[0,0],"11":[0,0],"12":[0,0],"13":[0,0],"14":[0],"15":[0],"16":[0,0]}}
,"/Users/samchou/Sweepstakes Google Extension/src/content/productDetector.ts": {"path":"/Users/samchou/Sweepstakes Google Extension/src/content/productDetector.ts","statementMap":{"0":{"start":{"line":12,"column":26},"end":{"line":12,"column":49}},"1":{"start":{"line":13,"column":4},"end":{"line":13,"column":44}},"2":{"start":{"line":13,"column":23},"end":{"line":13,"column":44}},"3":{"start":{"line":16,"column":22},"end":{"line":16,"column":48}},"4":{"start":{"line":17,"column":4},"end":{"line":17,"column":36}},"5":{"start":{"line":17,"column":19},"end":{"line":17,"column":36}},"6":{"start":{"line":20,"column":27},"end":{"line":20,"column":56}},"7":{"start":{"line":21,"column":4},"end":{"line":21,"column":46}},"8":{"start":{"line":21,"column":24},"end":{"line":21,"column":46}},"9":{"start":{"line":23,"column":4},"end":{"line":23,"column":16}},"10":{"start":{"line":27,"column":20},"end":{"line":27,"column":83}},"11":{"start":{"line":29,"column":4},"end":{"line":37,"column":5}},"12":{"start":{"line":30,"column":6},"end":{"line":36,"column":7}},"13":{"start":{"line":31,"column":21},"end":{"line":31,"column":57}},"14":{"start":{"line":32,"column":24},"end":{"line":32,"column":54}},"15":{"start":{"line":33,"column":8},"end":{"line":33,"column":36}},"16":{"start":{"line":33,"column":21},"end":{"line":33,"column":36}},"17":{"start":{"line":35,"column":8},"end":{"line":35,"column":17}},"18":{"start":{"line":39,"column":4},"end":{"line":39,"column":16}},"19":{"start":{"line":43,"column":4},"end":{"line":49,"column":5}},"20":{"start":{"line":44,"column":6},"end":{"line":47,"column":7}},"21":{"start":{"line":45,"column":24},"end":{"line":45,"column":54}},"22":{"start":{"line":46,"column":8},"end":{"line":46,"column":36}},"23":{"start":{"line":46,"column":21},"end":{"line":46,"column":36}},"24":{"start":{"line":48,"column":6},"end":{"line":48,"column":18}},"25":{"start":{"line":51,"column":4},"end":{"line":64,"column":5}},"26":{"start":{"line":52,"column":21},"end":{"line":52,"column":47}},"27":{"start":{"line":53,"column":20},"end":{"line":53,"column":62}},"28":{"start":{"line":55,"column":6},"end":{"line":63,"column":7}},"29":{"start":{"line":56,"column":8},"end":{"line":62,"column":10}},"30":{"start":{"line":67,"column":4},"end":{"line":72,"column":5}},"31":{"start":{"line":68,"column":6},"end":{"line":71,"column":7}},"32":{"start":{"line":69,"column":24},"end":{"line":69,"column":59}},"33":{"start":{"line":70,"column":8},"end":{"line":70,"column":36}},"34":{"start":{"line":70,"column":21},"end":{"line":70,"column":36}},"35":{"start":{"line":74,"column":4},"end":{"line":74,"column":16}},"36":{"start":{"line":78,"column":25},"end":{"line":78,"column":88}},"37":{"start":{"line":79,"column":28},"end":{"line":79,"column":93}},"38":{"start":{"line":80,"column":25},"end":{"line":80,"column":76}},"39":{"start":{"line":81,"column":25},"end":{"line":81,"column":76}},"40":{"start":{"line":83,"column":4},"end":{"line":94,"column":5}},"41":{"start":{"line":84,"column":20},"end":{"line":84,"column":74}},"42":{"start":{"line":85,"column":6},"end":{"line":93,"column":7}},"43":{"start":{"line":86,"column":8},"end":{"line":92,"column":10}},"44":{"start":{"line":96,"column":4},"end":{"line":96,"column":16}},"45":{"start":{"line":101,"column":23},"end":{"line":101,"column":52}},"46":{"start":{"line":102,"column":24},"end":{"line":102,"column":82}},"47":{"start":{"line":103,"column":25},"end":{"line":103,"column":69}},"48":{"start":{"line":105,"column":4},"end":{"line":105,"column":47}},"49":{"start":{"line":105,"column":35},"end":{"line":105,"column":47}},"50":{"start":{"line":108,"column":20},"end":{"line":108,"column":22}},"51":{"start":{"line":109,"column":20},"end":{"line":109,"column":21}},"52":{"start":{"line":111,"column":4},"end":{"line":125,"column":5}},"53":{"start":{"line":112,"column":20},"end":{"line":112,"column":58}},"54":{"start":{"line":113,"column":6},"end":{"line":113,"column":47}},"55":{"start":{"line":113,"column":38},"end":{"line":113,"column":47}},"56":{"start":{"line":116,"column":27},"end":{"line":116,"column":67}},"57":{"start":{"line":117,"column":6},"end":{"line":124,"column":7}},"58":{"start":{"line":118,"column":31},"end":{"line":118,"column":68}},"59":{"start":{"line":119,"column":8},"end":{"line":123,"column":9}},"60":{"start":{"line":120,"column":10},"end":{"line":120,"column":56}},"61":{"start":{"line":121,"column":10},"end":{"line":121,"column":28}},"62":{"start":{"line":122,"column":10},"end":{"line":122,"column":16}},"63":{"start":{"line":128,"column":4},"end":{"line":137,"column":5}},"64":{"start":{"line":129,"column":22},"end":{"line":129,"column":50}},"65":{"start":{"line":130,"column":6},"end":{"line":136,"column":7}},"66":{"start":{"line":131,"column":30},"end":{"line":131,"column":78}},"67":{"start":{"line":132,"column":8},"end":{"line":135,"column":9}},"68":{"start":{"line":133,"column":10},"end":{"line":133,"column":56}},"69":{"start":{"line":134,"column":10},"end":{"line":134,"column":36}},"70":{"start":{"line":139,"column":4},"end":{"line":146,"column":5}},"71":{"start":{"line":140,"column":6},"end":{"line":145,"column":8}},"72":{"start":{"line":148,"column":4},"end":{"line":148,"column":16}},"73":{"start":{"line":152,"column":19},"end":{"line":155,"column":null}},"74":{"start":{"line":159,"column":4},"end":{"line":163,"column":5}},"75":{"start":{"line":160,"column":6},"end":{"line":162,"column":7}},"76":{"start":{"line":161,"column":8},"end":{"line":161,"column":34}},"77":{"start":{"line":165,"column":4},"end":{"line":165,"column":16}},"78":{"start":{"line":170,"column":18},"end":{"line":170,"column":25}},"79":{"start":{"line":172,"column":4},"end":{"line":181,"column":5}},"80":{"start":{"line":172,"column":17},"end":{"line":172,"column":18}},"81":{"start":{"line":173,"column":22},"end":{"line":175,"column":76}},"82":{"start":{"line":177,"column":6},"end":{"line":177,"column":34}},"83":{"start":{"line":177,"column":19},"end":{"line":177,"column":34}},"84":{"start":{"line":179,"column":6},"end":{"line":179,"column":49}},"85":{"start":{"line":180,"column":6},"end":{"line":180,"column":55}},"86":{"start":{"line":180,"column":49},"end":{"line":180,"column":55}},"87":{"start":{"line":183,"column":4},"end":{"line":183,"column":16}},"88":{"start":{"line":9,"column":0},"end":{"line":9,"column":13}}},"fnMap":{"0":{"name":"(anonymous_0)","decl":{"start":{"line":10,"column":2},"end":{"line":10,"column":15}},"loc":{"start":{"line":10,"column":15},"end":{"line":24,"column":3}}},"1":{"name":"(anonymous_1)","decl":{"start":{"line":26,"column":10},"end":{"line":26,"column":26}},"loc":{"start":{"line":26,"column":26},"end":{"line":40,"column":3}}},"2":{"name":"(anonymous_2)","decl":{"start":{"line":42,"column":10},"end":{"line":42,"column":29}},"loc":{"start":{"line":42,"column":39},"end":{"line":75,"column":3}}},"3":{"name":"(anonymous_3)","decl":{"start":{"line":77,"column":10},"end":{"line":77,"column":29}},"loc":{"start":{"line":77,"column":29},"end":{"line":97,"column":3}}},"4":{"name":"(anonymous_4)","decl":{"start":{"line":99,"column":10},"end":{"line":99,"column":32}},"loc":{"start":{"line":99,"column":32},"end":{"line":149,"column":3}}},"5":{"name":"(anonymous_5)","decl":{"start":{"line":151,"column":10},"end":{"line":151,"column":35}},"loc":{"start":{"line":151,"column":48},"end":{"line":166,"column":3}}},"6":{"name":"(anonymous_6)","decl":{"start":{"line":168,"column":10},"end":{"line":168,"column":28}},"loc":{"start":{"line":168,"column":45},"end":{"line":184,"column":3}}}},"branchMap":{"0":{"loc":{"start":{"line":13,"column":4},"end":{"line":13,"column":44}},"type":"if","locations":[{"start":{"line":13,"column":4},"end":{"line":13,"column":44}}]},"1":{"loc":{"start":{"line":17,"column":4},"end":{"line":17,"column":36}},"type":"if","locations":[{"start":{"line":17,"column":4},"end":{"line":17,"column":36}}]},"2":{"loc":{"start":{"line":21,"column":4},"end":{"line":21,"column":46}},"type":"if","locations":[{"start":{"line":21,"column":4},"end":{"line":21,"column":46}}]},"3":{"loc":{"start":{"line":31,"column":32},"end":{"line":31,"column":56}},"type":"binary-expr","locations":[{"start":{"line":31,"column":32},"end":{"line":31,"column":50}},{"start":{"line":31,"column":54},"end":{"line":31,"column":56}}]},"4":{"loc":{"start":{"line":33,"column":8},"end":{"line":33,"column":36}},"type":"if","locations":[{"start":{"line":33,"column":8},"end":{"line":33,"column":36}}]},"5":{"loc":{"start":{"line":43,"column":4},"end":{"line":49,"column":5}},"type":"if","locations":[{"start":{"line":43,"column":4},"end":{"line":49,"column":5}}]},"6":{"loc":{"start":{"line":46,"column":8},"end":{"line":46,"column":36}},"type":"if","locations":[{"start":{"line":46,"column":8},"end":{"line":46,"column":36}}]},"7":{"loc":{"start":{"line":51,"column":4},"end":{"line":64,"column":5}},"type":"if","locations":[{"start":{"line":51,"column":4},"end":{"line":64,"column":5}}]},"8":{"loc":{"start":{"line":51,"column":8},"end":{"line":51,"column":62}},"type":"binary-expr","locations":[{"start":{"line":51,"column":8},"end":{"line":51,"column":35}},{"start":{"line":51,"column":39},"end":{"line":51,"column":62}}]},"9":{"loc":{"start":{"line":52,"column":21},"end":{"line":52,"column":47}},"type":"binary-expr","locations":[{"start":{"line":52,"column":21},"end":{"line":52,"column":32}},{"start":{"line":52,"column":36},"end":{"line":52,"column":47}}]},"10":{"loc":{"start":{"line":53,"column":20},"end":{"line":53,"column":62}},"type":"cond-expr","locations":[{"start":{"line":53,"column":44},"end":{"line":53,"column":53}},{"start":{"line":53,"column":56},"end":{"line":53,"column":62}}]},"11":{"loc":{"start":{"line":55,"column":6},"end":{"line":63,"column":7}},"type":"if","locations":[{"start":{"line":55,"column":6},"end":{"line":63,"column":7}}]},"12":{"loc":{"start":{"line":55,"column":10},"end":{"line":55,"column":30}},"type":"binary-expr","locations":[{"start":{"line":55,"column":10},"end":{"line":55,"column":15}},{"start":{"line":55,"column":19},"end":{"line":55,"column":30}}]},"13":{"loc":{"start":{"line":57,"column":16},"end":{"line":57,"column":45}},"type":"binary-expr","locations":[{"start":{"line":57,"column":16},"end":{"line":57,"column":25}},{"start":{"line":57,"column":29},"end":{"line":57,"column":39}},{"start":{"line":57,"column":43},"end":{"line":57,"column":45}}]},"14":{"loc":{"start":{"line":59,"column":20},"end":{"line":59,"column":48}},"type":"binary-expr","locations":[{"start":{"line":59,"column":20},"end":{"line":59,"column":39}},{"start":{"line":59,"column":43},"end":{"line":59,"column":48}}]},"15":{"loc":{"start":{"line":60,"column":17},"end":{"line":60,"column":83}},"type":"binary-expr","locations":[{"start":{"line":60,"column":17},"end":{"line":60,"column":37}},{"start":{"line":60,"column":41},"end":{"line":60,"column":56}},{"start":{"line":60,"column":60},"end":{"line":60,"column":70}},{"start":{"line":60,"column":74},"end":{"line":60,"column":83}}]},"16":{"loc":{"start":{"line":68,"column":6},"end":{"line":71,"column":7}},"type":"if","locations":[{"start":{"line":68,"column":6},"end":{"line":71,"column":7}}]},"17":{"loc":{"start":{"line":68,"column":10},"end":{"line":68,"column":61}},"type":"binary-expr","locations":[{"start":{"line":68,"column":10},"end":{"line":68,"column":39}},{"start":{"line":68,"column":43},"end":{"line":68,"column":61}}]},"18":{"loc":{"start":{"line":70,"column":8},"end":{"line":70,"column":36}},"type":"if","locations":[{"start":{"line":70,"column":8},"end":{"line":70,"column":36}}]},"19":{"loc":{"start":{"line":83,"column":4},"end":{"line":94,"column":5}},"type":"if","locations":[{"start":{"line":83,"column":4},"end":{"line":94,"column":5}}]},"20":{"loc":{"start":{"line":83,"column":8},"end":{"line":83,"column":36}},"type":"binary-expr","locations":[{"start":{"line":83,"column":8},"end":{"line":83,"column":20}},{"start":{"line":83,"column":24},"end":{"line":83,"column":36}}]},"21":{"loc":{"start":{"line":84,"column":31},"end":{"line":84,"column":73}},"type":"binary-expr","locations":[{"start":{"line":84,"column":31},"end":{"line":84,"column":67}},{"start":{"line":84,"column":71},"end":{"line":84,"column":73}}]},"22":{"loc":{"start":{"line":85,"column":6},"end":{"line":93,"column":7}},"type":"if","locations":[{"start":{"line":85,"column":6},"end":{"line":93,"column":7}}]},"23":{"loc":{"start":{"line":87,"column":16},"end":{"line":87,"column":58}},"type":"binary-expr","locations":[{"start":{"line":87,"column":16},"end":{"line":87,"column":52}},{"start":{"line":87,"column":56},"end":{"line":87,"column":58}}]},"24":{"loc":{"start":{"line":89,"column":20},"end":{"line":89,"column":69}},"type":"binary-expr","locations":[{"start":{"line":89,"column":20},"end":{"line":89,"column":60}},{"start":{"line":89,"column":64},"end":{"line":89,"column":69}}]},"25":{"loc":{"start":{"line":90,"column":17},"end":{"line":90,"column":67}},"type":"binary-expr","locations":[{"start":{"line":90,"column":17},"end":{"line":90,"column":54}},{"start":{"line":90,"column":58},"end":{"line":90,"column":67}}]},"26":{"loc":{"start":{"line":102,"column":24},"end":{"line":102,"column":82}},"type":"binary-expr","locations":[{"start":{"line":102,"column":24},"end":{"line":102,"column":47}},{"start":{"line":102,"column":51},"end":{"line":102,"column":76}},{"start":{"line":102,"column":80},"end":{"line":102,"column":82}}]},"27":{"loc":{"start":{"line":105,"column":4},"end":{"line":105,"column":47}},"type":"if","locations":[{"start":{"line":105,"column":4},"end":{"line":105,"column":47}}]},"28":{"loc":{"start":{"line":113,"column":6},"end":{"line":113,"column":47}},"type":"if","locations":[{"start":{"line":113,"column":6},"end":{"line":113,"column":47}}]},"29":{"loc":{"start":{"line":113,"column":10},"end":{"line":113,"column":36}},"type":"binary-expr","locations":[{"start":{"line":113,"column":10},"end":{"line":113,"column":19}},{"start":{"line":113,"column":23},"end":{"line":113,"column":36}}]},"30":{"loc":{"start":{"line":117,"column":6},"end":{"line":124,"column":7}},"type":"if","locations":[{"start":{"line":117,"column":6},"end":{"line":124,"column":7}}]},"31":{"loc":{"start":{"line":119,"column":8},"end":{"line":123,"column":9}},"type":"if","locations":[{"start":{"line":119,"column":8},"end":{"line":123,"column":9}}]},"32":{"loc":{"start":{"line":119,"column":12},"end":{"line":119,"column":56}},"type":"binary-expr","locations":[{"start":{"line":119,"column":12},"end":{"line":119,"column":26}},{"start":{"line":119,"column":30},"end":{"line":119,"column":56}}]},"33":{"loc":{"start":{"line":128,"column":4},"end":{"line":137,"column":5}},"type":"if","locations":[{"start":{"line":128,"column":4},"end":{"line":137,"column":5}}]},"34":{"loc":{"start":{"line":128,"column":8},"end":{"line":128,"column":37}},"type":"binary-expr","locations":[{"start":{"line":128,"column":8},"end":{"line":128,"column":18}},{"start":{"line":128,"column":22},"end":{"line":128,"column":37}}]},"35":{"loc":{"start":{"line":130,"column":6},"end":{"line":136,"column":7}},"type":"if","locations":[{"start":{"line":130,"column":6},"end":{"line":136,"column":7}}]},"36":{"loc":{"start":{"line":130,"column":10},"end":{"line":130,"column":44}},"type":"binary-expr","locations":[{"start":{"line":130,"column":10},"end":{"line":130,"column":17}},{"start":{"line":130,"column":21},"end":{"line":130,"column":44}}]},"37":{"loc":{"start":{"line":132,"column":8},"end":{"line":135,"column":9}},"type":"if","locations":[{"start":{"line":132,"column":8},"end":{"line":135,"column":9}}]},"38":{"loc":{"start":{"line":132,"column":12},"end":{"line":132,"column":56}},"type":"binary-expr","locations":[{"start":{"line":132,"column":12},"end":{"line":132,"column":30}},{"start":{"line":132,"column":34},"end":{"line":132,"column":56}}]},"39":{"loc":{"start":{"line":133,"column":22},"end":{"line":133,"column":55}},"type":"binary-expr","locations":[{"start":{"line":133,"column":22},"end":{"line":133,"column":49}},{"start":{"line":133,"column":53},"end":{"line":133,"column":55}}]},"40":{"loc":{"start":{"line":139,"column":4},"end":{"line":146,"column":5}},"type":"if","locations":[{"start":{"line":139,"column":4},"end":{"line":146,"column":5}}]},"41":{"loc":{"start":{"line":139,"column":8},"end":{"line":139,"column":34}},"type":"binary-expr","locations":[{"start":{"line":139,"column":8},"end":{"line":139,"column":17}},{"start":{"line":139,"column":21},"end":{"line":139,"column":34}}]},"42":{"loc":{"start":{"line":160,"column":6},"end":{"line":162,"column":7}},"type":"if","locations":[{"start":{"line":160,"column":6},"end":{"line":162,"column":7}}]},"43":{"loc":{"start":{"line":173,"column":22},"end":{"line":175,"column":76}},"type":"binary-expr","locations":[{"start":{"line":173,"column":22},"end":{"line":173,"column":57}},{"start":{"line":174,"column":21},"end":{"line":174,"column":80}},{"start":{"line":175,"column":21},"end":{"line":175,"column":76}}]},"44":{"loc":{"start":{"line":177,"column":6},"end":{"line":177,"column":34}},"type":"if","locations":[{"start":{"line":177,"column":6},"end":{"line":177,"column":34}}]},"45":{"loc":{"start":{"line":179,"column":16},"end":{"line":179,"column":48}},"type":"binary-expr","locations":[{"start":{"line":179,"column":16},"end":{"line":179,"column":37}},{"start":{"line":179,"column":41},"end":{"line":179,"column":48}}]},"46":{"loc":{"start":{"line":180,"column":6},"end":{"line":180,"column":55}},"type":"if","locations":[{"start":{"line":180,"column":6},"end":{"line":180,"column":55}}]},"47":{"loc":{"start":{"line":180,"column":10},"end":{"line":180,"column":47}},"type":"binary-expr","locations":[{"start":{"line":180,"column":10},"end":{"line":180,"column":18}},{"start":{"line":180,"column":22},"end":{"line":180,"column":47}}]}},"s":{"0":9,"1":9,"2":3,"3":6,"4":6,"5":1,"6":5,"7":5,"8":2,"9":3,"10":9,"11":9,"12":4,"13":4,"14":3,"15":3,"16":3,"17":1,"18":6,"19":3,"20":0,"21":0,"22":0,"23":0,"24":0,"25":3,"26":3,"27":3,"28":3,"29":3,"30":0,"31":0,"32":0,"33":0,"34":0,"35":0,"36":6,"37":6,"38":6,"39":6,"40":6,"41":1,"42":1,"43":1,"44":5,"45":5,"46":5,"47":5,"48":5,"49":2,"50":3,"51":3,"52":3,"53":4,"54":4,"55":2,"56":2,"57":2,"58":2,"59":2,"60":0,"61":0,"62":0,"63":3,"64":3,"65":3,"66":3,"67":3,"68":2,"69":2,"70":3,"71":2,"72":1,"73":2,"74":2,"75":8,"76":2,"77":0,"78":2,"79":2,"80":2,"81":2,"82":2,"83":0,"84":2,"85":2,"86":2,"87":2,"88":1},"f":{"0":9,"1":9,"2":3,"3":6,"4":5,"5":2,"6":2},"b":{"0":[3],"1":[1],"2":[2],"3":[4,0],"4":[3],"5":[0],"6":[0],"7":[3],"8":[3,0],"9":[3,0],"10":[1,2],"11":[3],"12":[3,3],"13":[3,0,0],"14":[3,0],"15":[3,3,2,2],"16":[0],"17":[0,0],"18":[0],"19":[1],"20":[6,1],"21":[1,0],"22":[1],"23":[1,0],"24":[1,0],"25":[1,1],"26":[5,5,1],"27":[2],"28":[2],"29":[4,3],"30":[2],"31":[0],"32":[2,0],"33":[3],"34":[3,3],"35":[3],"36":[3,3],"37":[2],"38":[3,2],"39":[2,0],"40":[2],"41":[3,2],"42":[2],"43":[2,2,2],"44":[0],"45":[2,0],"46":[2],"47":[2,2]}}
,"/Users/samchou/Sweepstakes Google Extension/src/popup/popup.ts": {"path":"/Users/samchou/Sweepstakes Google Extension/src/popup/popup.ts","statementMap":{"0":{"start":{"line":22,"column":10},"end":{"line":26,"column":null}},"1":{"start":{"line":29,"column":4},"end":{"line":29,"column":16}},"2":{"start":{"line":33,"column":4},"end":{"line":33,"column":30}},"3":{"start":{"line":34,"column":4},"end":{"line":34,"column":27}},"4":{"start":{"line":35,"column":4},"end":{"line":35,"column":29}},"5":{"start":{"line":36,"column":4},"end":{"line":36,"column":31}},"6":{"start":{"line":40,"column":19},"end":{"line":46,"column":6}},"7":{"start":{"line":48,"column":4},"end":{"line":54,"column":6}},"8":{"start":{"line":56,"column":4},"end":{"line":56,"column":20}},"9":{"start":{"line":61,"column":4},"end":{"line":61,"column":76}},"10":{"start":{"line":62,"column":4},"end":{"line":62,"column":68}},"11":{"start":{"line":63,"column":4},"end":{"line":63,"column":77}},"12":{"start":{"line":66,"column":29},"end":{"line":66,"column":94}},"13":{"start":{"line":67,"column":24},"end":{"line":67,"column":84}},"14":{"start":{"line":69,"column":4},"end":{"line":69,"column":92}},"15":{"start":{"line":69,"column":26},"end":{"line":69,"column":92}},"16":{"start":{"line":70,"column":4},"end":{"line":70,"column":77}},"17":{"start":{"line":70,"column":21},"end":{"line":70,"column":77}},"18":{"start":{"line":74,"column":19},"end":{"line":74,"column":52}},"19":{"start":{"line":75,"column":4},"end":{"line":81,"column":5}},"20":{"start":{"line":76,"column":6},"end":{"line":80,"column":7}},"21":{"start":{"line":77,"column":8},"end":{"line":77,"column":39}},"22":{"start":{"line":79,"column":8},"end":{"line":79,"column":42}},"23":{"start":{"line":85,"column":20},"end":{"line":85,"column":67}},"24":{"start":{"line":86,"column":37},"end":{"line":86,"column":62}},"25":{"start":{"line":88,"column":23},"end":{"line":88,"column":35}},"26":{"start":{"line":89,"column":22},"end":{"line":89,"column":59}},"27":{"start":{"line":89,"column":43},"end":{"line":89,"column":51}},"28":{"start":{"line":90,"column":25},"end":{"line":90,"column":75}},"29":{"start":{"line":90,"column":53},"end":{"line":90,"column":71}},"30":{"start":{"line":91,"column":20},"end":{"line":91,"column":71}},"31":{"start":{"line":93,"column":4},"end":{"line":93,"column":80}},"32":{"start":{"line":94,"column":4},"end":{"line":94,"column":78}},"33":{"start":{"line":95,"column":4},"end":{"line":95,"column":90}},"34":{"start":{"line":96,"column":4},"end":{"line":96,"column":80}},"35":{"start":{"line":100,"column":20},"end":{"line":100,"column":67}},"36":{"start":{"line":101,"column":37},"end":{"line":101,"column":62}},"37":{"start":{"line":103,"column":29},"end":{"line":103,"column":69}},"38":{"start":{"line":105,"column":4},"end":{"line":112,"column":5}},"39":{"start":{"line":106,"column":6},"end":{"line":110,"column":8}},"40":{"start":{"line":111,"column":6},"end":{"line":111,"column":13}},"41":{"start":{"line":115,"column":24},"end":{"line":115,"column":49}},"42":{"start":{"line":117,"column":4},"end":{"line":131,"column":16}},"43":{"start":{"line":118,"column":19},"end":{"line":118,"column":64}},"44":{"start":{"line":119,"column":26},"end":{"line":119,"column":51}},"45":{"start":{"line":120,"column":25},"end":{"line":120,"column":50}},"46":{"start":{"line":122,"column":6},"end":{"line":130,"column":8}},"47":{"start":{"line":136,"column":4},"end":{"line":139,"column":7}},"48":{"start":{"line":137,"column":6},"end":{"line":137,"column":71}},"49":{"start":{"line":138,"column":6},"end":{"line":138,"column":26}},"50":{"start":{"line":141,"column":4},"end":{"line":144,"column":7}},"51":{"start":{"line":142,"column":6},"end":{"line":142,"column":63}},"52":{"start":{"line":143,"column":6},"end":{"line":143,"column":26}},"53":{"start":{"line":146,"column":4},"end":{"line":149,"column":7}},"54":{"start":{"line":147,"column":6},"end":{"line":147,"column":73}},"55":{"start":{"line":148,"column":6},"end":{"line":148,"column":26}},"56":{"start":{"line":152,"column":4},"end":{"line":170,"column":7}},"57":{"start":{"line":153,"column":31},"end":{"line":153,"column":96}},"58":{"start":{"line":154,"column":26},"end":{"line":154,"column":86}},"59":{"start":{"line":156,"column":6},"end":{"line":156,"column":66}},"60":{"start":{"line":157,"column":6},"end":{"line":157,"column":56}},"61":{"start":{"line":158,"column":6},"end":{"line":158,"column":26}},"62":{"start":{"line":161,"column":21},"end":{"line":161,"column":80}},"63":{"start":{"line":162,"column":27},"end":{"line":162,"column":45}},"64":{"start":{"line":163,"column":6},"end":{"line":163,"column":36}},"65":{"start":{"line":164,"column":6},"end":{"line":164,"column":42}},"66":{"start":{"line":166,"column":6},"end":{"line":169,"column":15}},"67":{"start":{"line":167,"column":8},"end":{"line":167,"column":42}},"68":{"start":{"line":168,"column":8},"end":{"line":168,"column":37}},"69":{"start":{"line":173,"column":4},"end":{"line":179,"column":7}},"70":{"start":{"line":174,"column":6},"end":{"line":178,"column":7}},"71":{"start":{"line":175,"column":8},"end":{"line":175,"column":59}},"72":{"start":{"line":176,"column":8},"end":{"line":176,"column":31}},"73":{"start":{"line":177,"column":8},"end":{"line":177,"column":33}},"74":{"start":{"line":183,"column":4},"end":{"line":183,"column":49}},"75":{"start":{"line":184,"column":4},"end":{"line":184,"column":20}},"76":{"start":{"line":189,"column":0},"end":{"line":191,"column":3}},"77":{"start":{"line":190,"column":2},"end":{"line":190,"column":24}}},"fnMap":{"0":{"name":"(anonymous_0)","decl":{"start":{"line":28,"column":2},"end":{"line":28,"column":null}},"loc":{"start":{"line":28,"column":2},"end":{"line":30,"column":3}}},"1":{"name":"(anonymous_1)","decl":{"start":{"line":32,"column":10},"end":{"line":32,"column":15}},"loc":{"start":{"line":32,"column":20},"end":{"line":37,"column":3}}},"2":{"name":"(anonymous_2)","decl":{"start":{"line":39,"column":10},"end":{"line":39,"column":15}},"loc":{"start":{"line":39,"column":28},"end":{"line":57,"column":3}}},"3":{"name":"(anonymous_3)","decl":{"start":{"line":59,"column":10},"end":{"line":59,"column":18}},"loc":{"start":{"line":59,"column":18},"end":{"line":71,"column":3}}},"4":{"name":"(anonymous_4)","decl":{"start":{"line":73,"column":10},"end":{"line":73,"column":24}},"loc":{"start":{"line":73,"column":58},"end":{"line":82,"column":3}}},"5":{"name":"(anonymous_5)","decl":{"start":{"line":84,"column":10},"end":{"line":84,"column":15}},"loc":{"start":{"line":84,"column":25},"end":{"line":97,"column":3}}},"6":{"name":"(anonymous_6)","decl":{"start":{"line":89,"column":35},"end":{"line":89,"column":39}},"loc":{"start":{"line":89,"column":43},"end":{"line":89,"column":51}}},"7":{"name":"(anonymous_7)","decl":{"start":{"line":90,"column":38},"end":{"line":90,"column":39}},"loc":{"start":{"line":90,"column":53},"end":{"line":90,"column":71}}},"8":{"name":"(anonymous_8)","decl":{"start":{"line":99,"column":10},"end":{"line":99,"column":15}},"loc":{"start":{"line":99,"column":27},"end":{"line":132,"column":3}}},"9":{"name":"(anonymous_9)","decl":{"start":{"line":117,"column":49},"end":{"line":117,"column":53}},"loc":{"start":{"line":117,"column":56},"end":{"line":131,"column":5}}},"10":{"name":"(anonymous_10)","decl":{"start":{"line":134,"column":10},"end":{"line":134,"column":29}},"loc":{"start":{"line":134,"column":29},"end":{"line":180,"column":3}}},"11":{"name":"(anonymous_11)","decl":{"start":{"line":136,"column":75},"end":{"line":136,"column":78}},"loc":{"start":{"line":136,"column":80},"end":{"line":139,"column":5}}},"12":{"name":"(anonymous_12)","decl":{"start":{"line":141,"column":71},"end":{"line":141,"column":74}},"loc":{"start":{"line":141,"column":76},"end":{"line":144,"column":5}}},"13":{"name":"(anonymous_13)","decl":{"start":{"line":146,"column":75},"end":{"line":146,"column":78}},"loc":{"start":{"line":146,"column":80},"end":{"line":149,"column":5}}},"14":{"name":"(anonymous_14)","decl":{"start":{"line":152,"column":70},"end":{"line":152,"column":73}},"loc":{"start":{"line":152,"column":75},"end":{"line":170,"column":5}}},"15":{"name":"(anonymous_15)","decl":{"start":{"line":166,"column":17},"end":{"line":166,"column":20}},"loc":{"start":{"line":166,"column":22},"end":{"line":169,"column":7}}},"16":{"name":"(anonymous_16)","decl":{"start":{"line":173,"column":72},"end":{"line":173,"column":77}},"loc":{"start":{"line":173,"column":83},"end":{"line":179,"column":5}}},"17":{"name":"(anonymous_17)","decl":{"start":{"line":182,"column":10},"end":{"line":182,"column":15}},"loc":{"start":{"line":182,"column":28},"end":{"line":185,"column":3}}},"18":{"name":"(anonymous_18)","decl":{"start":{"line":189,"column":46},"end":{"line":189,"column":49}},"loc":{"start":{"line":189,"column":51},"end":{"line":191,"column":1}}}},"branchMap":{"0":{"loc":{"start":{"line":50,"column":20},"end":{"line":50,"column":48}},"type":"binary-expr","locations":[{"start":{"line":50,"column":20},"end":{"line":50,"column":39}},{"start":{"line":50,"column":43},"end":{"line":50,"column":48}}]},"1":{"loc":{"start":{"line":52,"column":28},"end":{"line":52,"column":61}},"type":"binary-expr","locations":[{"start":{"line":52,"column":28},"end":{"line":52,"column":55}},{"start":{"line":52,"column":59},"end":{"line":52,"column":61}}]},"2":{"loc":{"start":{"line":53,"column":23},"end":{"line":53,"column":51}},"type":"binary-expr","locations":[{"start":{"line":53,"column":23},"end":{"line":53,"column":45}},{"start":{"line":53,"column":49},"end":{"line":53,"column":51}}]},"3":{"loc":{"start":{"line":69,"column":4},"end":{"line":69,"column":92}},"type":"if","locations":[{"start":{"line":69,"column":4},"end":{"line":69,"column":92}}]},"4":{"loc":{"start":{"line":69,"column":51},"end":{"line":69,"column":91}},"type":"binary-expr","locations":[{"start":{"line":69,"column":51},"end":{"line":69,"column":85}},{"start":{"line":69,"column":89},"end":{"line":69,"column":91}}]},"5":{"loc":{"start":{"line":70,"column":4},"end":{"line":70,"column":77}},"type":"if","locations":[{"start":{"line":70,"column":4},"end":{"line":70,"column":77}}]},"6":{"loc":{"start":{"line":70,"column":41},"end":{"line":70,"column":76}},"type":"binary-expr","locations":[{"start":{"line":70,"column":41},"end":{"line":70,"column":70}},{"start":{"line":70,"column":74},"end":{"line":70,"column":76}}]},"7":{"loc":{"start":{"line":75,"column":4},"end":{"line":81,"column":5}},"type":"if","locations":[{"start":{"line":75,"column":4},"end":{"line":81,"column":5}}]},"8":{"loc":{"start":{"line":76,"column":6},"end":{"line":80,"column":7}},"type":"if","locations":[{"start":{"line":76,"column":6},"end":{"line":80,"column":7}},{"start":{"line":78,"column":13},"end":{"line":80,"column":7}}]},"9":{"loc":{"start":{"line":86,"column":37},"end":{"line":86,"column":62}},"type":"binary-expr","locations":[{"start":{"line":86,"column":37},"end":{"line":86,"column":56}},{"start":{"line":86,"column":60},"end":{"line":86,"column":62}}]},"10":{"loc":{"start":{"line":91,"column":20},"end":{"line":91,"column":71}},"type":"cond-expr","locations":[{"start":{"line":91,"column":37},"end":{"line":91,"column":67}},{"start":{"line":91,"column":70},"end":{"line":91,"column":71}}]},"11":{"loc":{"start":{"line":101,"column":37},"end":{"line":101,"column":62}},"type":"binary-expr","locations":[{"start":{"line":101,"column":37},"end":{"line":101,"column":56}},{"start":{"line":101,"column":60},"end":{"line":101,"column":62}}]},"12":{"loc":{"start":{"line":105,"column":4},"end":{"line":112,"column":5}},"type":"if","locations":[{"start":{"line":105,"column":4},"end":{"line":112,"column":5}}]},"13":{"loc":{"start":{"line":119,"column":26},"end":{"line":119,"column":51}},"type":"cond-expr","locations":[{"start":{"line":119,"column":37},"end":{"line":119,"column":42}},{"start":{"line":119,"column":45},"end":{"line":119,"column":51}}]},"14":{"loc":{"start":{"line":120,"column":25},"end":{"line":120,"column":50}},"type":"cond-expr","locations":[{"start":{"line":120,"column":36},"end":{"line":120,"column":41}},{"start":{"line":120,"column":44},"end":{"line":120,"column":50}}]},"15":{"loc":{"start":{"line":125,"column":83},"end":{"line":125,"column":125}},"type":"cond-expr","locations":[{"start":{"line":125,"column":115},"end":{"line":125,"column":120}},{"start":{"line":125,"column":123},"end":{"line":125,"column":125}}]},"16":{"loc":{"start":{"line":174,"column":6},"end":{"line":178,"column":7}},"type":"if","locations":[{"start":{"line":174,"column":6},"end":{"line":178,"column":7}}]}},"s":{"0":0,"1":0,"2":0,"3":0,"4":0,"5":0,"6":0,"7":0,"8":0,"9":0,"10":0,"11":0,"12":0,"13":0,"14":0,"15":0,"16":0,"17":0,"18":0,"19":0,"20":0,"21":0,"22":0,"23":0,"24":0,"25":0,"26":0,"27":0,"28":0,"29":0,"30":0,"31":0,"32":0,"33":0,"34":0,"35":0,"36":0,"37":0,"38":0,"39":0,"40":0,"41":0,"42":0,"43":0,"44":0,"45":0,"46":0,"47":0,"48":0,"49":0,"50":0,"51":0,"52":0,"53":0,"54":0,"55":0,"56":0,"57":0,"58":0,"59":0,"60":0,"61":0,"62":0,"63":0,"64":0,"65":0,"66":0,"67":0,"68":0,"69":0,"70":0,"71":0,"72":0,"73":0,"74":0,"75":0,"76":0,"77":0},"f":{"0":0,"1":0,"2":0,"3":0,"4":0,"5":0,"6":0,"7":0,"8":0,"9":0,"10":0,"11":0,"12":0,"13":0,"14":0,"15":0,"16":0,"17":0,"18":0},"b":{"0":[0,0],"1":[0,0],"2":[0,0],"3":[0],"4":[0,0],"5":[0],"6":[0,0],"7":[0],"8":[0,0],"9":[0,0],"10":[0,0],"11":[0,0],"12":[0],"13":[0,0],"14":[0,0],"15":[0,0],"16":[0]}}
,"/Users/samchou/Sweepstakes Google Extension/src/ui/StripePayment.tsx": {"path":"/Users/samchou/Sweepstakes Google Extension/src/ui/StripePayment.tsx","statementMap":{"0":{"start":{"line":1,"column":0},"end":{"line":1,"column":51}},"1":{"start":{"line":2,"column":0},"end":{"line":2,"column":47}},"2":{"start":{"line":11,"column":59},"end":{"line":65,"column":1}},"3":{"start":{"line":16,"column":30},"end":{"line":16,"column":49}},"4":{"start":{"line":18,"column":2},"end":{"line":37,"column":16}},"5":{"start":{"line":19,"column":23},"end":{"line":34,"column":5}},"6":{"start":{"line":20,"column":6},"end":{"line":33,"column":7}},"7":{"start":{"line":21,"column":29},"end":{"line":21,"column":84}},"8":{"start":{"line":22,"column":31},"end":{"line":22,"column":102}},"9":{"start":{"line":24,"column":8},"end":{"line":27,"column":9}},"10":{"start":{"line":25,"column":10},"end":{"line":25,"column":43}},"11":{"start":{"line":26,"column":10},"end":{"line":26,"column":17}},"12":{"start":{"line":29,"column":31},"end":{"line":29,"column":63}},"13":{"start":{"line":30,"column":8},"end":{"line":30,"column":34}},"14":{"start":{"line":32,"column":8},"end":{"line":32,"column":41}},"15":{"start":{"line":36,"column":4},"end":{"line":36,"column":17}},"16":{"start":{"line":42,"column":29},"end":{"line":47,"column":3}},"17":{"start":{"line":44,"column":4},"end":{"line":46,"column":7}},"18":{"start":{"line":49,"column":2},"end":{"line":64,"column":4}},"19":{"start":{"line":11,"column":13},"end":{"line":11,"column":59}}},"fnMap":{"0":{"name":"(anonymous_0)","decl":{"start":{"line":11,"column":59},"end":{"line":11,"column":60}},"loc":{"start":{"line":15,"column":5},"end":{"line":65,"column":1}}},"1":{"name":"(anonymous_1)","decl":{"start":{"line":18,"column":12},"end":{"line":18,"column":15}},"loc":{"start":{"line":18,"column":17},"end":{"line":37,"column":3}}},"2":{"name":"(anonymous_2)","decl":{"start":{"line":19,"column":23},"end":{"line":19,"column":28}},"loc":{"start":{"line":19,"column":34},"end":{"line":34,"column":5}}},"3":{"name":"(anonymous_3)","decl":{"start":{"line":42,"column":29},"end":{"line":42,"column":32}},"loc":{"start":{"line":42,"column":34},"end":{"line":47,"column":3}}}},"branchMap":{"0":{"loc":{"start":{"line":22,"column":31},"end":{"line":22,"column":102}},"type":"binary-expr","locations":[{"start":{"line":22,"column":31},"end":{"line":22,"column":64}},{"start":{"line":22,"column":68},"end":{"line":22,"column":102}}]},"1":{"loc":{"start":{"line":24,"column":8},"end":{"line":27,"column":9}},"type":"if","locations":[{"start":{"line":24,"column":8},"end":{"line":27,"column":9}}]}},"s":{"0":0,"1":0,"2":0,"3":0,"4":0,"5":0,"6":0,"7":0,"8":0,"9":0,"10":0,"11":0,"12":0,"13":0,"14":0,"15":0,"16":0,"17":0,"18":0,"19":0},"f":{"0":0,"1":0,"2":0,"3":0},"b":{"0":[0,0],"1":[0]}}
}
