TN:
SF:src/background/index.ts
FN:11,(anonymous_0)
FN:16,(anonymous_1)
FN:17,(anonymous_2)
FN:34,(anonymous_3)
FN:35,(anonymous_4)
FN:45,(anonymous_5)
FN:50,(anonymous_6)
FN:99,(anonymous_7)
FN:129,(anonymous_8)
FN:136,(anonymous_9)
FNF:10
FNH:0
FNDA:0,(anonymous_0)
FNDA:0,(anonymous_1)
FNDA:0,(anonymous_2)
FNDA:0,(anonymous_3)
FNDA:0,(anonymous_4)
FNDA:0,(anonymous_5)
FNDA:0,(anonymous_6)
FNDA:0,(anonymous_7)
FNDA:0,(anonymous_8)
FNDA:0,(anonymous_9)
DA:12,0
DA:13,0
DA:17,0
DA:18,0
DA:20,0
DA:21,0
DA:24,0
DA:26,0
DA:29,0
DA:35,0
DA:37,0
DA:46,0
DA:52,0
DA:53,0
DA:60,0
DA:63,0
DA:64,0
DA:65,0
DA:67,0
DA:69,0
DA:71,0
DA:73,0
DA:74,0
DA:76,0
DA:82,0
DA:83,0
DA:90,0
DA:92,0
DA:101,0
DA:103,0
DA:104,0
DA:107,0
DA:122,0
DA:123,0
DA:126,0
DA:130,0
DA:131,0
DA:137,0
DA:138,0
DA:140,0
DA:153,0
DA:154,0
DA:157,0
DA:162,0
LF:44
LH:0
BRDA:18,0,0,0
BRDA:18,0,1,0
BRDA:18,0,2,0
BRDA:52,1,0,0
BRDA:52,2,0,0
BRDA:52,2,1,0
BRDA:69,3,0,0
BRDA:69,3,1,0
BRDA:103,4,0,0
BRDA:122,5,0,0
BRDA:132,6,0,0
BRDA:132,6,1,0
BRDA:138,7,0,0
BRDA:138,7,1,0
BRDA:149,8,0,0
BRDA:149,8,1,0
BRDA:153,9,0,0
BRF:17
BRH:0
end_of_record
TN:
SF:src/content/index.ts
FN:8,(anonymous_0)
FN:12,(anonymous_1)
FN:20,(anonymous_2)
FN:36,(anonymous_3)
FN:38,(anonymous_4)
FN:39,(anonymous_5)
FN:44,(anonymous_6)
FN:55,(anonymous_7)
FN:59,(anonymous_8)
FN:64,(anonymous_9)
FN:65,(anonymous_10)
FN:69,(anonymous_11)
FN:87,(anonymous_12)
FN:94,(anonymous_13)
FN:190,(anonymous_14)
FN:199,(anonymous_15)
FN:204,(anonymous_16)
FN:211,(anonymous_17)
FN:218,(anonymous_18)
FN:223,(anonymous_19)
FN:228,(anonymous_20)
FN:253,(anonymous_21)
FN:256,(anonymous_22)
FNF:23
FNH:0
FNDA:0,(anonymous_0)
FNDA:0,(anonymous_1)
FNDA:0,(anonymous_2)
FNDA:0,(anonymous_3)
FNDA:0,(anonymous_4)
FNDA:0,(anonymous_5)
FNDA:0,(anonymous_6)
FNDA:0,(anonymous_7)
FNDA:0,(anonymous_8)
FNDA:0,(anonymous_9)
FNDA:0,(anonymous_10)
FNDA:0,(anonymous_11)
FNDA:0,(anonymous_12)
FNDA:0,(anonymous_13)
FNDA:0,(anonymous_14)
FNDA:0,(anonymous_15)
FNDA:0,(anonymous_16)
FNDA:0,(anonymous_17)
FNDA:0,(anonymous_18)
FNDA:0,(anonymous_19)
FNDA:0,(anonymous_20)
FNDA:0,(anonymous_21)
FNDA:0,(anonymous_22)
DA:1,0
DA:4,0
DA:5,0
DA:6,0
DA:9,0
DA:14,0
DA:15,0
DA:17,0
DA:20,0
DA:21,0
DA:22,0
DA:23,0
DA:24,0
DA:30,0
DA:33,0
DA:38,0
DA:39,0
DA:40,0
DA:43,0
DA:44,0
DA:48,0
DA:54,0
DA:55,0
DA:56,0
DA:57,0
DA:58,0
DA:59,0
DA:64,0
DA:65,0
DA:70,0
DA:72,0
DA:74,0
DA:78,0
DA:79,0
DA:80,0
DA:81,0
DA:82,0
DA:83,0
DA:88,0
DA:96,0
DA:99,0
DA:100,0
DA:101,0
DA:115,0
DA:118,0
DA:119,0
DA:182,0
DA:185,0
DA:186,0
DA:187,0
DA:188,0
DA:190,0
DA:191,0
DA:192,0
DA:193,0
DA:195,0
DA:196,0
DA:199,0
DA:200,0
DA:201,0
DA:204,0
DA:205,0
DA:208,0
DA:212,0
DA:213,0
DA:214,0
DA:219,0
DA:224,0
DA:229,0
DA:230,0
DA:232,0
DA:234,0
DA:235,0
DA:243,0
DA:253,0
DA:257,0
DA:258,0
DA:263,0
LF:78
LH:0
BRDA:17,0,0,0
BRDA:21,1,0,0
BRDA:23,2,0,0
BRDA:40,3,0,0
BRDA:40,3,1,0
BRDA:43,4,0,0
BRDA:57,5,0,0
BRDA:70,6,0,0
BRDA:74,7,0,0
BRDA:74,7,1,0
BRDA:74,8,0,0
BRDA:74,8,1,0
BRDA:74,8,2,0
BRDA:74,8,3,0
BRDA:81,9,0,0
BRDA:81,10,0,0
BRDA:81,10,1,0
BRDA:191,11,0,0
BRDA:191,11,1,0
BRDA:195,12,0,0
BRDA:195,12,1,0
BRDA:196,13,0,0
BRDA:196,13,1,0
BRDA:213,14,0,0
BRDA:230,15,0,0
BRDA:234,16,0,0
BRDA:234,16,1,0
BRF:27
BRH:0
end_of_record
TN:
SF:src/content/productDetector.ts
FN:10,(anonymous_0)
FN:26,(anonymous_1)
FN:42,(anonymous_2)
FN:77,(anonymous_3)
FN:99,(anonymous_4)
FN:151,(anonymous_5)
FN:168,(anonymous_6)
FNF:7
FNH:7
FNDA:9,(anonymous_0)
FNDA:9,(anonymous_1)
FNDA:3,(anonymous_2)
FNDA:6,(anonymous_3)
FNDA:5,(anonymous_4)
FNDA:2,(anonymous_5)
FNDA:2,(anonymous_6)
DA:9,1
DA:12,9
DA:13,9
DA:16,6
DA:17,6
DA:20,5
DA:21,5
DA:23,3
DA:27,9
DA:29,9
DA:30,4
DA:31,4
DA:32,3
DA:33,3
DA:35,1
DA:39,6
DA:43,3
DA:44,0
DA:45,0
DA:46,0
DA:48,0
DA:51,3
DA:52,3
DA:53,3
DA:55,3
DA:56,3
DA:67,0
DA:68,0
DA:69,0
DA:70,0
DA:74,0
DA:78,6
DA:79,6
DA:80,6
DA:81,6
DA:83,6
DA:84,1
DA:85,1
DA:86,1
DA:96,5
DA:101,5
DA:102,5
DA:103,5
DA:105,5
DA:108,3
DA:109,3
DA:111,3
DA:112,4
DA:113,4
DA:116,2
DA:117,2
DA:118,2
DA:119,2
DA:120,0
DA:121,0
DA:122,0
DA:128,3
DA:129,3
DA:130,3
DA:131,3
DA:132,3
DA:133,2
DA:134,2
DA:139,3
DA:140,2
DA:148,1
DA:152,2
DA:159,2
DA:160,8
DA:161,2
DA:165,0
DA:170,2
DA:172,2
DA:173,2
DA:177,2
DA:179,2
DA:180,2
DA:183,2
LF:78
LH:65
BRDA:13,0,0,3
BRDA:17,1,0,1
BRDA:21,2,0,2
BRDA:31,3,0,4
BRDA:31,3,1,0
BRDA:33,4,0,3
BRDA:43,5,0,0
BRDA:46,6,0,0
BRDA:51,7,0,3
BRDA:51,8,0,3
BRDA:51,8,1,0
BRDA:52,9,0,3
BRDA:52,9,1,0
BRDA:53,10,0,1
BRDA:53,10,1,2
BRDA:55,11,0,3
BRDA:55,12,0,3
BRDA:55,12,1,3
BRDA:57,13,0,3
BRDA:57,13,1,0
BRDA:57,13,2,0
BRDA:59,14,0,3
BRDA:59,14,1,0
BRDA:60,15,0,3
BRDA:60,15,1,3
BRDA:60,15,2,2
BRDA:60,15,3,2
BRDA:68,16,0,0
BRDA:68,17,0,0
BRDA:68,17,1,0
BRDA:70,18,0,0
BRDA:83,19,0,1
BRDA:83,20,0,6
BRDA:83,20,1,1
BRDA:84,21,0,1
BRDA:84,21,1,0
BRDA:85,22,0,1
BRDA:87,23,0,1
BRDA:87,23,1,0
BRDA:89,24,0,1
BRDA:89,24,1,0
BRDA:90,25,0,1
BRDA:90,25,1,1
BRDA:102,26,0,5
BRDA:102,26,1,5
BRDA:102,26,2,1
BRDA:105,27,0,2
BRDA:113,28,0,2
BRDA:113,29,0,4
BRDA:113,29,1,3
BRDA:117,30,0,2
BRDA:119,31,0,0
BRDA:119,32,0,2
BRDA:119,32,1,0
BRDA:128,33,0,3
BRDA:128,34,0,3
BRDA:128,34,1,3
BRDA:130,35,0,3
BRDA:130,36,0,3
BRDA:130,36,1,3
BRDA:132,37,0,2
BRDA:132,38,0,3
BRDA:132,38,1,2
BRDA:133,39,0,2
BRDA:133,39,1,0
BRDA:139,40,0,2
BRDA:139,41,0,3
BRDA:139,41,1,2
BRDA:160,42,0,2
BRDA:173,43,0,2
BRDA:173,43,1,2
BRDA:173,43,2,2
BRDA:177,44,0,0
BRDA:179,45,0,2
BRDA:179,45,1,0
BRDA:180,46,0,2
BRDA:180,47,0,2
BRDA:180,47,1,2
BRF:78
BRH:58
end_of_record
TN:
SF:src/popup/popup.ts
FN:28,(anonymous_0)
FN:32,(anonymous_1)
FN:39,(anonymous_2)
FN:59,(anonymous_3)
FN:73,(anonymous_4)
FN:84,(anonymous_5)
FN:89,(anonymous_6)
FN:90,(anonymous_7)
FN:99,(anonymous_8)
FN:117,(anonymous_9)
FN:134,(anonymous_10)
FN:136,(anonymous_11)
FN:141,(anonymous_12)
FN:146,(anonymous_13)
FN:152,(anonymous_14)
FN:166,(anonymous_15)
FN:173,(anonymous_16)
FN:182,(anonymous_17)
FN:189,(anonymous_18)
FNF:19
FNH:0
FNDA:0,(anonymous_0)
FNDA:0,(anonymous_1)
FNDA:0,(anonymous_2)
FNDA:0,(anonymous_3)
FNDA:0,(anonymous_4)
FNDA:0,(anonymous_5)
FNDA:0,(anonymous_6)
FNDA:0,(anonymous_7)
FNDA:0,(anonymous_8)
FNDA:0,(anonymous_9)
FNDA:0,(anonymous_10)
FNDA:0,(anonymous_11)
FNDA:0,(anonymous_12)
FNDA:0,(anonymous_13)
FNDA:0,(anonymous_14)
FNDA:0,(anonymous_15)
FNDA:0,(anonymous_16)
FNDA:0,(anonymous_17)
FNDA:0,(anonymous_18)
DA:22,0
DA:29,0
DA:33,0
DA:34,0
DA:35,0
DA:36,0
DA:40,0
DA:48,0
DA:56,0
DA:61,0
DA:62,0
DA:63,0
DA:66,0
DA:67,0
DA:69,0
DA:70,0
DA:74,0
DA:75,0
DA:76,0
DA:77,0
DA:79,0
DA:85,0
DA:86,0
DA:88,0
DA:89,0
DA:90,0
DA:91,0
DA:93,0
DA:94,0
DA:95,0
DA:96,0
DA:100,0
DA:101,0
DA:103,0
DA:105,0
DA:106,0
DA:111,0
DA:115,0
DA:117,0
DA:118,0
DA:119,0
DA:120,0
DA:122,0
DA:136,0
DA:137,0
DA:138,0
DA:141,0
DA:142,0
DA:143,0
DA:146,0
DA:147,0
DA:148,0
DA:152,0
DA:153,0
DA:154,0
DA:156,0
DA:157,0
DA:158,0
DA:161,0
DA:162,0
DA:163,0
DA:164,0
DA:166,0
DA:167,0
DA:168,0
DA:173,0
DA:174,0
DA:175,0
DA:176,0
DA:177,0
DA:183,0
DA:184,0
DA:189,0
DA:190,0
LF:74
LH:0
BRDA:50,0,0,0
BRDA:50,0,1,0
BRDA:52,1,0,0
BRDA:52,1,1,0
BRDA:53,2,0,0
BRDA:53,2,1,0
BRDA:69,3,0,0
BRDA:69,4,0,0
BRDA:69,4,1,0
BRDA:70,5,0,0
BRDA:70,6,0,0
BRDA:70,6,1,0
BRDA:75,7,0,0
BRDA:76,8,0,0
BRDA:76,8,1,0
BRDA:86,9,0,0
BRDA:86,9,1,0
BRDA:91,10,0,0
BRDA:91,10,1,0
BRDA:101,11,0,0
BRDA:101,11,1,0
BRDA:105,12,0,0
BRDA:119,13,0,0
BRDA:119,13,1,0
BRDA:120,14,0,0
BRDA:120,14,1,0
BRDA:125,15,0,0
BRDA:125,15,1,0
BRDA:174,16,0,0
BRF:29
BRH:0
end_of_record
TN:
SF:src/ui/StripePayment.tsx
FN:11,(anonymous_0)
FN:18,(anonymous_1)
FN:19,(anonymous_2)
FN:42,(anonymous_3)
FNF:4
FNH:0
FNDA:0,(anonymous_0)
FNDA:0,(anonymous_1)
FNDA:0,(anonymous_2)
FNDA:0,(anonymous_3)
DA:1,0
DA:2,0
DA:11,0
DA:16,0
DA:18,0
DA:19,0
DA:20,0
DA:21,0
DA:22,0
DA:24,0
DA:25,0
DA:26,0
DA:29,0
DA:30,0
DA:32,0
DA:36,0
DA:42,0
DA:44,0
DA:49,0
LF:19
LH:0
BRDA:22,0,0,0
BRDA:22,0,1,0
BRDA:24,1,0,0
BRF:3
BRH:0
end_of_record
